<?xml version="1.0" encoding="UTF-8"?>
<!-- Generated by org.testng.reporters.JUnitReportReporter -->
<testsuite skipped="1" hostname="DESKTOP-OGNALAM" name="com.acti.testcases.TC01_Login" tests="1" failures="0" timestamp="14 Jun 2021 21:31:25 GMT" time="0.000" errors="0">
  <testcase name="testMultipleLogins" time="0.000" classname="com.acti.testcases.TC01_Login">
    <skipped/>
  </testcase> <!-- testMultipleLogins -->
</testsuite> <!-- com.acti.testcases.TC01_Login -->
