<?xml version="1.0" encoding="UTF-8"?>
<!-- Generated by org.testng.reporters.JUnitReportReporter -->
<testsuite skipped="0" hostname="DESKTOP-OGNALAM" name="com.acti.testcases.TC01_Login" tests="2" failures="0" timestamp="11 Jun 2021 20:00:35 GMT" time="3.280" errors="0">
  <testcase name="verifyLogoImg" time="0.081" classname="com.acti.testcases.TC01_Login"/>
  <testcase name="testLogin" time="3.199" classname="com.acti.testcases.TC01_Login"/>
</testsuite> <!-- com.acti.testcases.TC01_Login -->
