<?xml version="1.0" encoding="UTF-8"?>
<!-- Generated by org.testng.reporters.JUnitReportReporter -->
<testsuite skipped="0" hostname="DESKTOP-OGNALAM" name="com.acti.base.DriverScript" tests="1" failures="0" timestamp="10 Jun 2021 20:52:37 GMT" time="11.934" errors="0">
  <testcase name="initBrowser" time="11.934" classname="com.acti.base.DriverScript"/>
</testsuite> <!-- com.acti.base.DriverScript -->
