<?xml version="1.0" encoding="UTF-8"?>
<!-- Generated by org.testng.reporters.JUnitReportReporter -->
<testsuite skipped="0" hostname="DESKTOP-OGNALAM" name="com.acti.testcases.TC02_CreateCustomer" tests="1" failures="0" timestamp="12 Jun 2021 04:35:40 GMT" time="14.992" errors="0">
  <testcase name="testCreateCustomer" time="14.992" classname="com.acti.testcases.TC02_CreateCustomer"/>
</testsuite> <!-- com.acti.testcases.TC02_CreateCustomer -->
